<?xml version="1.0" encoding="UTF-8"?>
<testng-results ignored="0" total="1" passed="1" failed="0" skipped="0">
  <reporter-output>
  </reporter-output>
  <suite started-at="2024-11-08T10:52:25 IST" name="Default suite" finished-at="2024-11-08T10:52:32 IST" duration-ms="7303">
    <groups>
    </groups>
    <test started-at="2024-11-08T10:52:25 IST" name="Default test" finished-at="2024-11-08T10:52:32 IST" duration-ms="7303">
      <class name="Practice4.Demo2">
        <test-method is-config="true" signature="Start()[pri:0, instance:Practice4.Demo2@242b836]" started-at="2024-11-08T10:52:25 IST" name="Start" finished-at="2024-11-08T10:52:27 IST" duration-ms="1710" status="PASS">
          <reporter-output>
          </reporter-output>
        </test-method> <!-- Start -->
        <test-method signature="begin()[pri:0, instance:Practice4.Demo2@242b836]" started-at="2024-11-08T10:52:27 IST" name="begin" finished-at="2024-11-08T10:52:32 IST" duration-ms="5301" status="PASS">
          <reporter-output>
          </reporter-output>
        </test-method> <!-- begin -->
        <test-method is-config="true" signature="end()[pri:0, instance:Practice4.Demo2@242b836]" started-at="2024-11-08T10:52:32 IST" name="end" finished-at="2024-11-08T10:52:32 IST" duration-ms="247" status="PASS">
          <reporter-output>
          </reporter-output>
        </test-method> <!-- end -->
      </class> <!-- Practice4.Demo2 -->
    </test> <!-- Default test -->
  </suite> <!-- Default suite -->
</testng-results>
